<?xml version="1.0" encoding="UTF-8"?>
<!-- Generated by org.testng.reporters.JUnitXMLReporter -->
<testsuite ignored="4" hostname="LAPTOP-O1IA0A5B" failures="0" tests="1" name="Default test" time="6.901" errors="0" timestamp="2023-11-04T11:07:44 EDT">
  <testcase classname="com.tutorialsninja.TestCases.LoginTest" name="verifyLoginWithInvalidCredentials" time="0.787"/>
  <testcase classname="com.tutorialsninja.TestCases.LoginTest" name="verifyLoginWithNoCredentials" time="0.0">
    <ignored/>
  </testcase> <!-- verifyLoginWithNoCredentials -->
  <testcase classname="com.tutorialsninja.TestCases.LoginTest" name="verifyLoginWithValidCredentials" time="0.0">
    <ignored/>
  </testcase> <!-- verifyLoginWithValidCredentials -->
  <testcase classname="com.tutorialsninja.TestCases.LoginTest" name="verifyLoginWithValidEmailInvalidPassword" time="0.0">
    <ignored/>
  </testcase> <!-- verifyLoginWithValidEmailInvalidPassword -->
  <testcase classname="com.tutorialsninja.TestCases.LoginTest" name="verifyLoginWithInvalidEmailValidPassword" time="0.0">
    <ignored/>
  </testcase> <!-- verifyLoginWithInvalidEmailValidPassword -->
</testsuite> <!-- Default test -->
