<?xml version="1.0" encoding="UTF-8"?>
<!-- Generated by org.testng.reporters.JUnitXMLReporter -->
<testsuite ignored="0" hostname="LAPTOP-O1IA0A5B" failures="0" tests="12" name="Test" time="101.086" errors="0" timestamp="2023-11-04T11:27:09 EDT">
  <testcase classname="com.tutorialsninja.TestCases.RegisterTest" name="verifyRegisterWisthMandatoryFields" time="1.466"/>
  <testcase classname="com.tutorialsninja.TestCases.RegisterTest" name="verifyRegisterWithAllFields" time="2.181"/>
  <testcase classname="com.tutorialsninja.TestCases.RegisterTest" name="verifyRegisterWithExistingEmail" time="1.711"/>
  <testcase classname="com.tutorialsninja.TestCases.RegisterTest" name="verifyRegisterWithNoFields" time="0.708"/>
  <testcase classname="com.tutorialsninja.TestCases.LoginTest" name="verifyLoginWithValidCredentials" time="1.282"/>
  <testcase classname="com.tutorialsninja.TestCases.LoginTest" name="verifyLoginWithInvalidCredentials" time="1.47"/>
  <testcase classname="com.tutorialsninja.TestCases.LoginTest" name="verifyLoginWithValidEmailInvalidPassword" time="2.182"/>
  <testcase classname="com.tutorialsninja.TestCases.LoginTest" name="verifyLoginWithInvalidEmailValidPassword" time="1.561"/>
  <testcase classname="com.tutorialsninja.TestCases.LoginTest" name="verifyLoginWithNoCredentials" time="0.537"/>
  <testcase classname="com.tutorialsninja.TestCases.SearchProductTest" name="verifySearchWithValidProduct" time="0.959"/>
  <testcase classname="com.tutorialsninja.TestCases.SearchProductTest" name="VerifySearchWithInvalidProduct" time="1.456"/>
  <testcase classname="com.tutorialsninja.TestCases.SearchProductTest" name="verifySearchWithNoProduct" time="0.549"/>
</testsuite> <!-- Test -->
