<?xml version="1.0" encoding="UTF-8"?>
<testng-results ignored="0" total="1" passed="1" failed="0" skipped="0">
  <reporter-output>
  </reporter-output>
  <suite started-at="2023-11-04T18:47:22 EDT" name="Default suite" finished-at="2023-11-04T18:47:41 EDT" duration-ms="18938">
    <groups>
    </groups>
    <test started-at="2023-11-04T18:47:22 EDT" name="Default test" finished-at="2023-11-04T18:47:41 EDT" duration-ms="18938">
      <class name="com.tutorialsninja.TestCases.AddToCartTest">
        <test-method is-config="true" signature="setUp()[pri:0, instance:com.tutorialsninja.TestCases.AddToCartTest@3527942a]" started-at="2023-11-04T18:47:22 EDT" name="setUp" finished-at="2023-11-04T18:47:29 EDT" duration-ms="7436" status="PASS">
          <reporter-output>
          </reporter-output>
        </test-method> <!-- setUp -->
        <test-method signature="checkingOutValidProduct()[pri:0, instance:com.tutorialsninja.TestCases.AddToCartTest@3527942a]" started-at="2023-11-04T18:47:29 EDT" name="checkingOutValidProduct" finished-at="2023-11-04T18:47:41 EDT" duration-ms="11275" status="PASS">
          <reporter-output>
          </reporter-output>
        </test-method> <!-- checkingOutValidProduct -->
        <test-method is-config="true" signature="tearDown()[pri:0, instance:com.tutorialsninja.TestCases.AddToCartTest@3527942a]" started-at="2023-11-04T18:47:41 EDT" name="tearDown" finished-at="2023-11-04T18:47:41 EDT" duration-ms="184" status="PASS">
          <reporter-output>
          </reporter-output>
        </test-method> <!-- tearDown -->
      </class> <!-- com.tutorialsninja.TestCases.AddToCartTest -->
    </test> <!-- Default test -->
  </suite> <!-- Default suite -->
</testng-results>
