<?xml version="1.0" encoding="UTF-8"?>
<testng-results ignored="0" total="1" passed="1" failed="0" skipped="0">
  <reporter-output>
  </reporter-output>
  <suite started-at="2023-11-09T22:42:32 EST" name="Default suite" finished-at="2023-11-09T22:43:32 EST" duration-ms="59510">
    <groups>
    </groups>
    <test started-at="2023-11-09T22:42:32 EST" name="Default test" finished-at="2023-11-09T22:43:32 EST" duration-ms="59510">
      <class name="com.tutorialsninja.TestCases.AddToCartTest">
        <test-method is-config="true" signature="setUp()[pri:0, instance:com.tutorialsninja.TestCases.AddToCartTest@5d534f5d]" started-at="2023-11-09T22:42:32 EST" name="setUp" finished-at="2023-11-09T22:42:39 EST" duration-ms="6237" status="PASS">
          <reporter-output>
          </reporter-output>
        </test-method> <!-- setUp -->
        <test-method signature="checkingOutValidProduct()[pri:0, instance:com.tutorialsninja.TestCases.AddToCartTest@5d534f5d]" started-at="2023-11-09T22:42:39 EST" name="checkingOutValidProduct" finished-at="2023-11-09T22:43:32 EST" duration-ms="52966" status="PASS">
          <reporter-output>
          </reporter-output>
        </test-method> <!-- checkingOutValidProduct -->
        <test-method is-config="true" signature="tearDown()[pri:0, instance:com.tutorialsninja.TestCases.AddToCartTest@5d534f5d]" started-at="2023-11-09T22:43:32 EST" name="tearDown" finished-at="2023-11-09T22:43:32 EST" duration-ms="244" status="PASS">
          <reporter-output>
          </reporter-output>
        </test-method> <!-- tearDown -->
      </class> <!-- com.tutorialsninja.TestCases.AddToCartTest -->
    </test> <!-- Default test -->
  </suite> <!-- Default suite -->
</testng-results>
